<?xml version="1.0" encoding="UTF-8"?>
<testsuite name="baseline.ItemControllerMethodsTest" tests="18" skipped="0" failures="0" errors="0" timestamp="2021-11-21T21:59:31" hostname="DESKTOP-60QMB9L" time="0.029">
  <properties/>
  <testcase name="editValue()" classname="baseline.ItemControllerMethodsTest" time="0.016"/>
  <testcase name="validateSerialInput()" classname="baseline.ItemControllerMethodsTest" time="0.001"/>
  <testcase name="checkTextFieldsEmpty()" classname="baseline.ItemControllerMethodsTest" time="0.001"/>
  <testcase name="addItem()" classname="baseline.ItemControllerMethodsTest" time="0.001"/>
  <testcase name="editItemHelper()" classname="baseline.ItemControllerMethodsTest" time="0.001"/>
  <testcase name="validateInput()" classname="baseline.ItemControllerMethodsTest" time="0.001"/>
  <testcase name="clearItems()" classname="baseline.ItemControllerMethodsTest" time="0.0"/>
  <testcase name="editItemSerial()" classname="baseline.ItemControllerMethodsTest" time="0.0"/>
  <testcase name="editItemName()" classname="baseline.ItemControllerMethodsTest" time="0.0"/>
  <testcase name="getItemBySerial()" classname="baseline.ItemControllerMethodsTest" time="0.001"/>
  <testcase name="validateNameInput()" classname="baseline.ItemControllerMethodsTest" time="0.0"/>
  <testcase name="validateNumber()" classname="baseline.ItemControllerMethodsTest" time="0.0"/>
  <testcase name="validateValueInput()" classname="baseline.ItemControllerMethodsTest" time="0.0"/>
  <testcase name="editValueHelper()" classname="baseline.ItemControllerMethodsTest" time="0.001"/>
  <testcase name="checkSerialForUnique()" classname="baseline.ItemControllerMethodsTest" time="0.0"/>
  <testcase name="editItem()" classname="baseline.ItemControllerMethodsTest" time="0.001"/>
  <testcase name="addItemHelper()" classname="baseline.ItemControllerMethodsTest" time="0.001"/>
  <testcase name="deleteItem()" classname="baseline.ItemControllerMethodsTest" time="0.0"/>
  <system-out><![CDATA[]]></system-out>
  <system-err><![CDATA[]]></system-err>
</testsuite>
